12/12/2022 09:15:04 INICIANDO...
12/12/2022 09:15:04 2.8.3.2
12/12/2022 09:15:04 Usuário: RENATO(Administrador)
12/12/2022 09:15:04 Versão do Sistema Operacional: 6.2.9200
12/12/2022 09:15:04 64 Bits: true
12/12/2022 09:15:04 Versão do Firefox.  ( 0.7 )
12/12/2022 09:15:04 UAC: Ativado
12/12/2022 09:15:04 Verificando se Firefox está instalado...
12/12/2022 09:15:04 Firefox não instalado.
12/12/2022 09:15:04 [Verificando Ambiente] Verificando...
12/12/2022 09:15:04 [Verificando Ambiente] Ativando Transport Layer Security (TLS)
12/12/2022 09:15:05 [Verificando Ambiente] Ok.
12/12/2022 09:15:05 [Arquivo hosts] Verificando...
12/12/2022 09:15:05 [Arquivo hosts] Ok.
12/12/2022 09:15:05 [Instalação de certificados raiz] Verificando...
12/12/2022 09:15:05 [Instalação de certificados raiz] Efetuando download do instalador...
12/12/2022 09:15:06 [Instalação de certificados raiz] Instalando...
12/12/2022 09:15:06 [Instalação de certificados raiz] Ok.
12/12/2022 09:15:06 [Terminal Services] Verificando...
12/12/2022 09:15:06 [Terminal Services] Ok.
12/12/2022 09:15:06 [Limpeza do cache IE] Verificando...
12/12/2022 09:15:07 [Limpeza do cache IE] Limpando...
12/12/2022 09:15:07 [Limpeza do cache IE] Ok.
12/12/2022 09:15:07 [Instalando Módulo de Segurança] Verificando...
12/12/2022 09:15:08 [Instalando Módulo de Segurança] Efetuando download do instalador...
12/12/2022 09:15:20 [Instalando Módulo de Segurança] Instalando...
12/12/2022 09:15:59 [Instalando Módulo de Segurança] Ok.
12/12/2022 09:16:00 [Configurações do Módulo de Segurança] Verificando...
12/12/2022 09:16:00 [Configurações do Módulo de Segurança] Ok.
12/12/2022 09:16:00 [Instalando configurações da CAIXA] Verificando...
12/12/2022 09:16:27 [Instalando configurações da CAIXA] Ok.
12/12/2022 09:16:27 [Ajustando ambiente] Verificando...
12/12/2022 09:16:27 [Ajustando ambiente] Ok.
12/12/2022 09:16:27 [Atualizando listas] Verificando...
12/12/2022 09:16:27 [Atualizando listas] Ok.
12/12/2022 09:16:27 [Concluindo execucao] Verificando...
12/12/2022 09:16:42 [Concluindo execucao] CONCLUÍDO.
12/12/2022 09:16:42 CONCLUÍDO.
